<?xml version="1.0" encoding="UTF-8"?>
<testsuite xmlns:xsi="http://www.w3.org/2001/XMLSchema-instance" xsi:noNamespaceSchemaLocation="https://maven.apache.org/surefire/maven-surefire-plugin/xsd/surefire-test-report-3.0.xsd" version="3.0" name="fr.umlv.structconc.VectorizedTest" time="0.458" tests="35" errors="0" skipped="0" failures="0">
  <properties>
[...]
</properties>
  <testcase name="sumReduceLaneTest([I, int)" classname="fr.umlv.structconc.VectorizedTest" time="0.034"/>
  <testcase name="sumReduceLaneTest([I, int)" classname="fr.umlv.structconc.VectorizedTest" time="0.002"/>
  <testcase name="sumReduceLaneTest([I, int)" classname="fr.umlv.structconc.VectorizedTest" time="0.018"/>
  <testcase name="sumReduceLaneTest([I, int)" classname="fr.umlv.structconc.VectorizedTest" time="0.001"/>
  <testcase name="sumReduceLaneTest([I, int)" classname="fr.umlv.structconc.VectorizedTest" time="0.004"/>
  <testcase name="sumReduceLaneTest([I, int)" classname="fr.umlv.structconc.VectorizedTest" time="0.015"/>
  <testcase name="sumReduceLaneTest([I, int)" classname="fr.umlv.structconc.VectorizedTest" time="0.04"/>
  <testcase name="sumLanewiseTest([I, int)" classname="fr.umlv.structconc.VectorizedTest" time="0.004"/>
  <testcase name="sumLanewiseTest([I, int)" classname="fr.umlv.structconc.VectorizedTest" time="0.001"/>
  <testcase name="sumLanewiseTest([I, int)" classname="fr.umlv.structconc.VectorizedTest" time="0.001"/>
  <testcase name="sumLanewiseTest([I, int)" classname="fr.umlv.structconc.VectorizedTest" time="0"/>
  <testcase name="sumLanewiseTest([I, int)" classname="fr.umlv.structconc.VectorizedTest" time="0.001"/>
  <testcase name="sumLanewiseTest([I, int)" classname="fr.umlv.structconc.VectorizedTest" time="0.006"/>
  <testcase name="sumLanewiseTest([I, int)" classname="fr.umlv.structconc.VectorizedTest" time="0.009"/>
  <testcase name="sumLoopTest([I, int)" classname="fr.umlv.structconc.VectorizedTest" time="0.001"/>
  <testcase name="sumLoopTest([I, int)" classname="fr.umlv.structconc.VectorizedTest" time="0"/>
  <testcase name="sumLoopTest([I, int)" classname="fr.umlv.structconc.VectorizedTest" time="0.001"/>
  <testcase name="sumLoopTest([I, int)" classname="fr.umlv.structconc.VectorizedTest" time="0.001"/>
  <testcase name="sumLoopTest([I, int)" classname="fr.umlv.structconc.VectorizedTest" time="0.001"/>
  <testcase name="sumLoopTest([I, int)" classname="fr.umlv.structconc.VectorizedTest" time="0.002"/>
  <testcase name="sumLoopTest([I, int)" classname="fr.umlv.structconc.VectorizedTest" time="0.012"/>
  <testcase name="differenceLoopTest([I, int)" classname="fr.umlv.structconc.VectorizedTest" time="0"/>
  <testcase name="differenceLoopTest([I, int)" classname="fr.umlv.structconc.VectorizedTest" time="0"/>
  <testcase name="differenceLoopTest([I, int)" classname="fr.umlv.structconc.VectorizedTest" time="0"/>
  <testcase name="differenceLoopTest([I, int)" classname="fr.umlv.structconc.VectorizedTest" time="0.001"/>
  <testcase name="differenceLoopTest([I, int)" classname="fr.umlv.structconc.VectorizedTest" time="0.002"/>
  <testcase name="differenceLoopTest([I, int)" classname="fr.umlv.structconc.VectorizedTest" time="0.001"/>
  <testcase name="differenceLoopTest([I, int)" classname="fr.umlv.structconc.VectorizedTest" time="0.018"/>
  <testcase name="differenceLanewiseTest([I, int)" classname="fr.umlv.structconc.VectorizedTest" time="0"/>
  <testcase name="differenceLanewiseTest([I, int)" classname="fr.umlv.structconc.VectorizedTest" time="0.001"/>
  <testcase name="differenceLanewiseTest([I, int)" classname="fr.umlv.structconc.VectorizedTest" time="0.001"/>
  <testcase name="differenceLanewiseTest([I, int)" classname="fr.umlv.structconc.VectorizedTest" time="0.004"/>
  <testcase name="differenceLanewiseTest([I, int)" classname="fr.umlv.structconc.VectorizedTest" time="0.001"/>
  <testcase name="differenceLanewiseTest([I, int)" classname="fr.umlv.structconc.VectorizedTest" time="0.003"/>
  <testcase name="differenceLanewiseTest([I, int)" classname="fr.umlv.structconc.VectorizedTest" time="0.016"/>
</testsuite>